# JRE version: Java(TM) SE Runtime Environment (8.0_161-b12) (build 1.8.0_161-b12)
# Java VM: Java HotSpot(TM) 64-Bit Server VM (25.161-b12 mixed mode windows-amd64 )
Heap:
 PSYoungGen      total 6564352K, used 4951781K [0x0000000880000000, 0x0000000c3cf00000, 0x0000000c80000000)
  eden space 5128704K, 96% used [0x0000000880000000,0x00000009ae3b9530,0x00000009b9080000)
  from space 1435648K, 0% used [0x00000009b9080000,0x00000009b9080000,0x0000000a10a80000)
  to   space 5178368K, 0% used [0x0000000b00e00000,0x0000000b00e00000,0x0000000c3cf00000)
 ParOldGen       total 33554432K, used 33554096K [0x0000000080000000, 0x0000000880000000, 0x0000000880000000)
  object space 33554432K, 99% used [0x0000000080000000,0x000000087ffac138,0x0000000880000000)
 Metaspace       used 83694K, capacity 85577K, committed 85760K, reserved 86016K
GC Heap History (10 events):
Event: 1585.656 GC heap before
{Heap before GC invocations=101 (full 32):
 PSYoungGen      total 6564352K, used 5128704K [0x0000000880000000, 0x0000000c3cf00000, 0x0000000c80000000)
  eden space 5128704K, 100% used [0x0000000880000000,0x00000009b9080000,0x00000009b9080000)
  from space 1435648K, 0% used [0x00000009b9080000,0x00000009b9080000,0x0000000a10a80000)
  to   space 5178368K, 0% used [0x0000000b00e00000,0x0000000b00e00000,0x0000000c3cf00000)
 ParOldGen       total 33554432K, used 33001910K [0x0000000080000000, 0x0000000880000000, 0x0000000880000000)
  object space 33554432K, 98% used [0x0000000080000000,0x000000085e46db18,0x0000000880000000)
 Metaspace       used 78226K, capacity 79948K, committed 80128K, reserved 81920K
Event: 1606.013 GC heap after
Heap after GC invocations=101 (full 32):
 PSYoungGen      total 6564352K, used 169481K [0x0000000880000000, 0x0000000c3cf00000, 0x0000000c80000000)
  eden space 5128704K, 3% used [0x0000000880000000,0x000000088a582678,0x00000009b9080000)
  from space 1435648K, 0% used [0x00000009b9080000,0x00000009b9080000,0x0000000a10a80000)
  to   space 5178368K, 0% used [0x0000000b00e00000,0x0000000b00e00000,0x0000000c3cf00000)
 ParOldGen       total 33554432K, used 33554274K [0x0000000080000000, 0x0000000880000000, 0x0000000880000000)
  object space 33554432K, 99% used [0x0000000080000000,0x000000087ffd8ab0,0x0000000880000000)
 Metaspace       used 78226K, capacity 79948K, committed 80128K, reserved 81920K
}
Event: 1609.084 GC heap before
{Heap before GC invocations=102 (full 33):
 PSYoungGen      total 6564352K, used 5128704K [0x0000000880000000, 0x0000000c3cf00000, 0x0000000c80000000)
  eden space 5128704K, 100% used [0x0000000880000000,0x00000009b9080000,0x00000009b9080000)
  from space 1435648K, 0% used [0x00000009b9080000,0x00000009b9080000,0x0000000a10a80000)
  to   space 5178368K, 0% used [0x0000000b00e00000,0x0000000b00e00000,0x0000000c3cf00000)
 ParOldGen       total 33554432K, used 33554274K [0x0000000080000000, 0x0000000880000000, 0x0000000880000000)
  object space 33554432K, 99% used [0x0000000080000000,0x000000087ffd8ab0,0x0000000880000000)
 Metaspace       used 78237K, capacity 79948K, committed 80128K, reserved 81920K
Event: 1629.127 GC heap after
Heap after GC invocations=102 (full 33):
 PSYoungGen      total 6564352K, used 168996K [0x0000000880000000, 0x0000000c3cf00000, 0x0000000c80000000)
  eden space 5128704K, 3% used [0x0000000880000000,0x000000088a5091b8,0x00000009b9080000)
  from space 1435648K, 0% used [0x00000009b9080000,0x00000009b9080000,0x0000000a10a80000)
  to   space 5178368K, 0% used [0x0000000b00e00000,0x0000000b00e00000,0x0000000c3cf00000)
 ParOldGen       total 33554432K, used 33554316K [0x0000000080000000, 0x0000000880000000, 0x0000000880000000)
  object space 33554432K, 99% used [0x0000000080000000,0x000000087ffe3058,0x0000000880000000)
 Metaspace       used 78237K, capacity 79948K, committed 80128K, reserved 81920K
}
Event: 1632.110 GC heap before
{Heap before GC invocations=103 (full 34):
 PSYoungGen      total 6564352K, used 5128704K [0x0000000880000000, 0x0000000c3cf00000, 0x0000000c80000000)
  eden space 5128704K, 100% used [0x0000000880000000,0x00000009b9080000,0x00000009b9080000)
  from space 1435648K, 0% used [0x00000009b9080000,0x00000009b9080000,0x0000000a10a80000)
  to   space 5178368K, 0% used [0x0000000b00e00000,0x0000000b00e00000,0x0000000c3cf00000)
 ParOldGen       total 33554432K, used 33554316K [0x0000000080000000, 0x0000000880000000, 0x0000000880000000)
  object space 33554432K, 99% used [0x0000000080000000,0x000000087ffe3058,0x0000000880000000)
 Metaspace       used 78243K, capacity 80012K, committed 80128K, reserved 81920K
Event: 1648.551 GC heap after
Heap after GC invocations=103 (full 34):
 PSYoungGen      total 6564352K, used 169001K [0x0000000880000000, 0x0000000c3cf00000, 0x0000000c80000000)
  eden space 5128704K, 3% used [0x0000000880000000,0x000000088a50a5e8,0x00000009b9080000)
  from space 1435648K, 0% used [0x00000009b9080000,0x00000009b9080000,0x0000000a10a80000)
  to   space 5178368K, 0% used [0x0000000b00e00000,0x0000000b00e00000,0x0000000c3cf00000)
 ParOldGen       total 33554432K, used 33554292K [0x0000000080000000, 0x0000000880000000, 0x0000000880000000)
  object space 33554432K, 99% used [0x0000000080000000,0x000000087ffdd040,0x0000000880000000)
 Metaspace       used 78243K, capacity 80012K, committed 80128K, reserved 81920K
}
Event: 1653.304 GC heap before
{Heap before GC invocations=104 (full 35):
 PSYoungGen      total 6564352K, used 5128704K [0x0000000880000000, 0x0000000c3cf00000, 0x0000000c80000000)
  eden space 5128704K, 100% used [0x0000000880000000,0x00000009b9080000,0x00000009b9080000)
  from space 1435648K, 0% used [0x00000009b9080000,0x00000009b9080000,0x0000000a10a80000)
  to   space 5178368K, 0% used [0x0000000b00e00000,0x0000000b00e00000,0x0000000c3cf00000)
 ParOldGen       total 33554432K, used 33554292K [0x0000000080000000, 0x0000000880000000, 0x0000000880000000)
  object space 33554432K, 99% used [0x0000000080000000,0x000000087ffdd040,0x0000000880000000)
 Metaspace       used 78246K, capacity 80012K, committed 80128K, reserved 81920K
Event: 1665.942 GC heap after
Heap after GC invocations=104 (full 35):
 PSYoungGen      total 6564352K, used 207007K [0x0000000880000000, 0x0000000c3cf00000, 0x0000000c80000000)
  eden space 5128704K, 4% used [0x0000000880000000,0x000000088ca27ff0,0x00000009b9080000)
  from space 1435648K, 0% used [0x00000009b9080000,0x00000009b9080000,0x0000000a10a80000)
  to   space 5178368K, 0% used [0x0000000b00e00000,0x0000000b00e00000,0x0000000c3cf00000)
 ParOldGen       total 33554432K, used 33553934K [0x0000000080000000, 0x0000000880000000, 0x0000000880000000)
  object space 33554432K, 99% used [0x0000000080000000,0x000000087ff839e8,0x0000000880000000)
 Metaspace       used 78246K, capacity 80012K, committed 80128K, reserved 81920K
}
Event: 1688.123 GC heap before
{Heap before GC invocations=105 (full 36):
 PSYoungGen      total 6564352K, used 5128704K [0x0000000880000000, 0x0000000c3cf00000, 0x0000000c80000000)
  eden space 5128704K, 100% used [0x0000000880000000,0x00000009b9080000,0x00000009b9080000)
  from space 1435648K, 0% used [0x00000009b9080000,0x00000009b9080000,0x0000000a10a80000)
  to   space 5178368K, 0% used [0x0000000b00e00000,0x0000000b00e00000,0x0000000c3cf00000)
 ParOldGen       total 33554432K, used 33553934K [0x0000000080000000, 0x0000000880000000, 0x0000000880000000)
  object space 33554432K, 99% used [0x0000000080000000,0x000000087ff839e8,0x0000000880000000)
 Metaspace       used 78296K, capacity 80076K, committed 80128K, reserved 81920K
Event: 1713.118 GC heap after
Heap after GC invocations=105 (full 36):
 PSYoungGen      total 6564352K, used 943571K [0x0000000880000000, 0x0000000c3cf00000, 0x0000000c80000000)
  eden space 5128704K, 18% used [0x0000000880000000,0x00000008b9974d28,0x00000009b9080000)
  from space 1435648K, 0% used [0x00000009b9080000,0x00000009b9080000,0x0000000a10a80000)
  to   space 5178368K, 0% used [0x0000000b00e00000,0x0000000b00e00000,0x0000000c3cf00000)
 ParOldGen       total 33554432K, used 33554096K [0x0000000080000000, 0x0000000880000000, 0x0000000880000000)
  object space 33554432K, 99% used [0x0000000080000000,0x000000087ffac138,0x0000000880000000)
 Metaspace       used 78296K, capacity 80076K, committed 80128K, reserved 81920K
}

