# JRE version: Java(TM) SE Runtime Environment (8.0_66-b17) (build 1.8.0_66-b17)
# Java VM: Java HotSpot(TM) 64-Bit Server VM (25.66-b17 mixed mode windows-amd64 compressed oops)
Heap:
 PSYoungGen      total 76288K, used 49810K [0x000000076b380000, 0x0000000772580000, 0x00000007c0000000)
  eden space 65536K, 67% used [0x000000076b380000,0x000000076deac078,0x000000076f380000)
  from space 10752K, 52% used [0x000000076fe00000,0x0000000770378788,0x0000000770880000)
  to   space 10752K, 0% used [0x000000076f380000,0x000000076f380000,0x000000076fe00000)
 ParOldGen       total 109056K, used 9472K [0x00000006c1a00000, 0x00000006c8480000, 0x000000076b380000)
  object space 109056K, 8% used [0x00000006c1a00000,0x00000006c2340010,0x00000006c8480000)
 Metaspace       used 26608K, capacity 27098K, committed 27392K, reserved 1073152K
  class space    used 3395K, capacity 3525K, committed 3584K, reserved 1048576K
GC Heap History (10 events):
Event: 1.991 GC heap before
{Heap before GC invocations=1 (full 0):
 PSYoungGen      total 76288K, used 65536K [0x000000076b380000, 0x0000000770880000, 0x00000007c0000000)
  eden space 65536K, 100% used [0x000000076b380000,0x000000076f380000,0x000000076f380000)
  from space 10752K, 0% used [0x000000076fe00000,0x000000076fe00000,0x0000000770880000)
  to   space 10752K, 0% used [0x000000076f380000,0x000000076f380000,0x000000076fe00000)
 ParOldGen       total 175104K, used 0K [0x00000006c1a00000, 0x00000006cc500000, 0x000000076b380000)
  object space 175104K, 0% used [0x00000006c1a00000,0x00000006c1a00000,0x00000006cc500000)
 Metaspace       used 11252K, capacity 11410K, committed 11648K, reserved 1058816K
  class space    used 1506K, capacity 1575K, committed 1664K, reserved 1048576K
Event: 2.005 GC heap after
Heap after GC invocations=1 (full 0):
 PSYoungGen      total 76288K, used 7134K [0x000000076b380000, 0x0000000770880000, 0x00000007c0000000)
  eden space 65536K, 0% used [0x000000076b380000,0x000000076b380000,0x000000076f380000)
  from space 10752K, 66% used [0x000000076f380000,0x000000076fa77818,0x000000076fe00000)
  to   space 10752K, 0% used [0x000000076fe00000,0x000000076fe00000,0x0000000770880000)
 ParOldGen       total 175104K, used 8K [0x00000006c1a00000, 0x00000006cc500000, 0x000000076b380000)
  object space 175104K, 0% used [0x00000006c1a00000,0x00000006c1a02000,0x00000006cc500000)
 Metaspace       used 11252K, capacity 11410K, committed 11648K, reserved 1058816K
  class space    used 1506K, capacity 1575K, committed 1664K, reserved 1048576K
}
Event: 3.023 GC heap before
{Heap before GC invocations=2 (full 0):
 PSYoungGen      total 76288K, used 72670K [0x000000076b380000, 0x0000000770880000, 0x00000007c0000000)
  eden space 65536K, 100% used [0x000000076b380000,0x000000076f380000,0x000000076f380000)
  from space 10752K, 66% used [0x000000076f380000,0x000000076fa77818,0x000000076fe00000)
  to   space 10752K, 0% used [0x000000076fe00000,0x000000076fe00000,0x0000000770880000)
 ParOldGen       total 175104K, used 8K [0x00000006c1a00000, 0x00000006cc500000, 0x000000076b380000)
  object space 175104K, 0% used [0x00000006c1a00000,0x00000006c1a02000,0x00000006cc500000)
 Metaspace       used 17854K, capacity 18112K, committed 18304K, reserved 1064960K
  class space    used 2344K, capacity 2417K, committed 2432K, reserved 1048576K
Event: 3.032 GC heap after
Heap after GC invocations=2 (full 0):
 PSYoungGen      total 76288K, used 9047K [0x000000076b380000, 0x0000000770880000, 0x00000007c0000000)
  eden space 65536K, 0% used [0x000000076b380000,0x000000076b380000,0x000000076f380000)
  from space 10752K, 84% used [0x000000076fe00000,0x00000007706d5f70,0x0000000770880000)
  to   space 10752K, 0% used [0x000000076f380000,0x000000076f380000,0x000000076fe00000)
 ParOldGen       total 175104K, used 24K [0x00000006c1a00000, 0x00000006cc500000, 0x000000076b380000)
  object space 175104K, 0% used [0x00000006c1a00000,0x00000006c1a06000,0x00000006cc500000)
 Metaspace       used 17854K, capacity 18112K, committed 18304K, reserved 1064960K
  class space    used 2344K, capacity 2417K, committed 2432K, reserved 1048576K
}
Event: 4.890 GC heap before
{Heap before GC invocations=3 (full 0):
 PSYoungGen      total 76288K, used 44239K [0x000000076b380000, 0x0000000770880000, 0x00000007c0000000)
  eden space 65536K, 53% used [0x000000076b380000,0x000000076d5ddf98,0x000000076f380000)
  from space 10752K, 84% used [0x000000076fe00000,0x00000007706d5f70,0x0000000770880000)
  to   space 10752K, 0% used [0x000000076f380000,0x000000076f380000,0x000000076fe00000)
 ParOldGen       total 175104K, used 24K [0x00000006c1a00000, 0x00000006cc500000, 0x000000076b380000)
  object space 175104K, 0% used [0x00000006c1a00000,0x00000006c1a06000,0x00000006cc500000)
 Metaspace       used 20838K, capacity 21126K, committed 21248K, reserved 1067008K
  class space    used 2682K, capacity 2777K, committed 2816K, reserved 1048576K
Event: 4.898 GC heap after
Heap after GC invocations=3 (full 0):
 PSYoungGen      total 76288K, used 9720K [0x000000076b380000, 0x0000000770880000, 0x00000007c0000000)
  eden space 65536K, 0% used [0x000000076b380000,0x000000076b380000,0x000000076f380000)
  from space 10752K, 90% used [0x000000076f380000,0x000000076fcfe3c0,0x000000076fe00000)
  to   space 10752K, 0% used [0x000000076fe00000,0x000000076fe00000,0x0000000770880000)
 ParOldGen       total 175104K, used 40K [0x00000006c1a00000, 0x00000006cc500000, 0x000000076b380000)
  object space 175104K, 0% used [0x00000006c1a00000,0x00000006c1a0a000,0x00000006cc500000)
 Metaspace       used 20838K, capacity 21126K, committed 21248K, reserved 1067008K
  class space    used 2682K, capacity 2777K, committed 2816K, reserved 1048576K
}
Event: 4.898 GC heap before
{Heap before GC invocations=4 (full 1):
 PSYoungGen      total 76288K, used 9720K [0x000000076b380000, 0x0000000770880000, 0x00000007c0000000)
  eden space 65536K, 0% used [0x000000076b380000,0x000000076b380000,0x000000076f380000)
  from space 10752K, 90% used [0x000000076f380000,0x000000076fcfe3c0,0x000000076fe00000)
  to   space 10752K, 0% used [0x000000076fe00000,0x000000076fe00000,0x0000000770880000)
 ParOldGen       total 175104K, used 40K [0x00000006c1a00000, 0x00000006cc500000, 0x000000076b380000)
  object space 175104K, 0% used [0x00000006c1a00000,0x00000006c1a0a000,0x00000006cc500000)
 Metaspace       used 20838K, capacity 21126K, committed 21248K, reserved 1067008K
  class space    used 2682K, capacity 2777K, committed 2816K, reserved 1048576K
Event: 4.931 GC heap after
Heap after GC invocations=4 (full 1):
 PSYoungGen      total 76288K, used 0K [0x000000076b380000, 0x0000000770880000, 0x00000007c0000000)
  eden space 65536K, 0% used [0x000000076b380000,0x000000076b380000,0x000000076f380000)
  from space 10752K, 0% used [0x000000076f380000,0x000000076f380000,0x000000076fe00000)
  to   space 10752K, 0% used [0x000000076fe00000,0x000000076fe00000,0x0000000770880000)
 ParOldGen       total 109056K, used 9464K [0x00000006c1a00000, 0x00000006c8480000, 0x000000076b380000)
  object space 109056K, 8% used [0x00000006c1a00000,0x00000006c233e010,0x00000006c8480000)
 Metaspace       used 20838K, capacity 21126K, committed 21248K, reserved 1067008K
  class space    used 2682K, capacity 2777K, committed 2816K, reserved 1048576K
}
Event: 6.583 GC heap before
{Heap before GC invocations=5 (full 1):
 PSYoungGen      total 76288K, used 65536K [0x000000076b380000, 0x0000000770880000, 0x00000007c0000000)
  eden space 65536K, 100% used [0x000000076b380000,0x000000076f380000,0x000000076f380000)
  from space 10752K, 0% used [0x000000076f380000,0x000000076f380000,0x000000076fe00000)
  to   space 10752K, 0% used [0x000000076fe00000,0x000000076fe00000,0x0000000770880000)
 ParOldGen       total 109056K, used 9464K [0x00000006c1a00000, 0x00000006c8480000, 0x000000076b380000)
  object space 109056K, 8% used [0x00000006c1a00000,0x00000006c233e010,0x00000006c8480000)
 Metaspace       used 24978K, capacity 25468K, committed 25728K, reserved 1071104K
  class space    used 3218K, capacity 3332K, committed 3456K, reserved 1048576K
Event: 6.588 GC heap after
Heap after GC invocations=5 (full 1):
 PSYoungGen      total 76288K, used 5601K [0x000000076b380000, 0x0000000772580000, 0x00000007c0000000)
  eden space 65536K, 0% used [0x000000076b380000,0x000000076b380000,0x000000076f380000)
  from space 10752K, 52% used [0x000000076fe00000,0x0000000770378788,0x0000000770880000)
  to   space 10752K, 0% used [0x000000076f380000,0x000000076f380000,0x000000076fe00000)
 ParOldGen       total 109056K, used 9472K [0x00000006c1a00000, 0x00000006c8480000, 0x000000076b380000)
  object space 109056K, 8% used [0x00000006c1a00000,0x00000006c2340010,0x00000006c8480000)
 Metaspace       used 24978K, capacity 25468K, committed 25728K, reserved 1071104K
  class space    used 3218K, capacity 3332K, committed 3456K, reserved 1048576K
}

